<?xml version="1.0" encoding="UTF-8"?>
<robot generator="Robot 7.2.2 (Python 3.12.0 on darwin)" generated="2025-02-26T15:47:00.826105" rpa="false" schemaversion="5">
<suite id="s1" name="LoginTestcase" source="/Users/chanon_suttana/Documents/GitHub/TestcasesSelenium/LoginTestcase.robot">
<kw name="Open Browser" owner="SeleniumLibrary" type="SETUP">
<msg time="2025-02-26T15:47:01.148648" level="FAIL">Variable '${baseurl}' not found.</msg>
<arg>${baseurl}</arg>
<arg>chrome</arg>
<doc>Opens a new browser instance to the optional ``url``.</doc>
<status status="FAIL" start="2025-02-26T15:47:01.148061" elapsed="0.000658">Variable '${baseurl}' not found.</status>
</kw>
<test id="s1-t1" name="As a user, I want to login success with valid credentials" line="11">
<doc>ทดสอบการล็อกอินด้วยข้อมูลที่ถูกต้อง</doc>
<status status="FAIL" start="2025-02-26T15:47:01.148902" elapsed="0.000927">Parent suite setup failed:
Variable '${baseurl}' not found.</status>
</test>
<kw name="Close Browser" owner="SeleniumLibrary" type="TEARDOWN">
<doc>Closes the current browser.</doc>
<status status="PASS" start="2025-02-26T15:47:01.150439" elapsed="0.000187"/>
</kw>
<status status="FAIL" start="2025-02-26T15:47:00.827646" elapsed="0.323042">Suite setup failed:
Variable '${baseurl}' not found.</status>
</suite>
<statistics>
<total>
<stat pass="0" fail="1" skip="0">All Tests</stat>
</total>
<tag>
</tag>
<suite>
<stat name="LoginTestcase" id="s1" pass="0" fail="1" skip="0">LoginTestcase</stat>
</suite>
</statistics>
<errors>
<msg time="2025-02-26T15:47:01.145871" level="ERROR">Error in file '/Users/chanon_suttana/Documents/GitHub/TestcasesSelenium/LoginTestcase.robot' on line 5: Parsing JSON resource file '/Users/chanon_suttana/Documents/GitHub/TestcasesSelenium/resources/config/config.json' failed: Creating 'robot.running.ResourceFile' object from dictionary failed: 'robot.running.ResourceFile' object does not have attribute 'baseurl'</msg>
<msg time="2025-02-26T15:47:01.146681" level="ERROR">Error in file '/Users/chanon_suttana/Documents/GitHub/TestcasesSelenium/LoginTestcase.robot' on line 6: Parsing JSON resource file '/Users/chanon_suttana/Documents/GitHub/TestcasesSelenium/resources/testdata/testdata.json' failed: Creating 'robot.running.ResourceFile' object from dictionary failed: 'robot.running.ResourceFile' object does not have attribute 'email'</msg>
</errors>
</robot>
