<?xml version="1.0" encoding="UTF-8"?>
<robot generator="Robot 7.2.2 (Python 3.12.0 on darwin)" generated="2025-02-26T16:50:40.234983" rpa="false" schemaversion="5">
<suite id="s1" name="LoginTestcase" source="/Users/chanon_suttana/Documents/GitHub/TestcasesSelenium/LoginTestcase.robot">
<kw name="Open Browser" owner="SeleniumLibrary" type="SETUP">
<msg time="2025-02-26T16:50:40.392654" level="INFO">Opening browser 'chrome' to base url 'https://futureskill.co/'.</msg>
<arg>${baseurl}</arg>
<arg>chrome</arg>
<doc>Opens a new browser instance to the optional ``url``.</doc>
<status status="PASS" start="2025-02-26T16:50:40.392361" elapsed="2.059432"/>
</kw>
<test id="s1-t1" name="As a user, I want to login success with valid credentials" line="11">
<kw name="Setup With Initial Login Button">
<kw name="Log To Console" owner="BuiltIn">
<arg>ปุ่มเมนูมองเห็นแล้ว</arg>
<doc>Logs the given message to the console.</doc>
<status status="PASS" start="2025-02-26T16:50:42.455960" elapsed="0.000600"/>
</kw>
<kw name="Wait until element is ready then click element" owner="CommonKeywords">
<kw name="Wait Until Element Is Visible" owner="SeleniumLibrary">
<arg>${locator}</arg>
<arg>timeout=10s</arg>
<doc>Waits until the element ``locator`` is visible.</doc>
<status status="PASS" start="2025-02-26T16:50:42.457484" elapsed="1.435124"/>
</kw>
<kw name="Wait Until Element Is Enabled" owner="SeleniumLibrary">
<arg>${locator}</arg>
<arg>timeout=5s</arg>
<doc>Waits until the element ``locator`` is enabled.</doc>
<status status="PASS" start="2025-02-26T16:50:43.893006" elapsed="0.109849"/>
</kw>
<kw name="Click Element" owner="SeleniumLibrary">
<msg time="2025-02-26T16:50:44.003377" level="INFO">Clicking element 'xpath=//button[@id="react-burger-menu-btn"]'.</msg>
<arg>${locator}</arg>
<doc>Click the element identified by ``locator``.</doc>
<status status="PASS" start="2025-02-26T16:50:44.003055" elapsed="0.148237"/>
</kw>
<arg>xpath=//button[@id="react-burger-menu-btn"]</arg>
<status status="PASS" start="2025-02-26T16:50:42.457013" elapsed="1.694583"/>
</kw>
<kw name="Log To Console" owner="BuiltIn">
<arg>กดปุ่มเมนูเรียบร้อย</arg>
<doc>Logs the given message to the console.</doc>
<status status="PASS" start="2025-02-26T16:50:44.151992" elapsed="0.000527"/>
</kw>
<kw name="Wait until element is ready then click element" owner="CommonKeywords">
<kw name="Wait Until Element Is Visible" owner="SeleniumLibrary">
<arg>${locator}</arg>
<arg>timeout=10s</arg>
<doc>Waits until the element ``locator`` is visible.</doc>
<status status="PASS" start="2025-02-26T16:50:44.154169" elapsed="0.273870"/>
</kw>
<kw name="Wait Until Element Is Enabled" owner="SeleniumLibrary">
<arg>${locator}</arg>
<arg>timeout=5s</arg>
<doc>Waits until the element ``locator`` is enabled.</doc>
<status status="PASS" start="2025-02-26T16:50:44.428253" elapsed="0.022750"/>
</kw>
<kw name="Click Element" owner="SeleniumLibrary">
<msg time="2025-02-26T16:50:44.451500" level="INFO">Clicking element 'xpath=//button[contains(@class, "w-fit") and contains(text(), "เข้าสู่ระบบ")]'.</msg>
<arg>${locator}</arg>
<doc>Click the element identified by ``locator``.</doc>
<status status="PASS" start="2025-02-26T16:50:44.451221" elapsed="0.649143"/>
</kw>
<arg>xpath=//button[contains(@class, "w-fit") and contains(text(), "เข้าสู่ระบบ")]</arg>
<status status="PASS" start="2025-02-26T16:50:44.153264" elapsed="0.947390"/>
</kw>
<kw name="Wait Until Page Contains" owner="SeleniumLibrary">
<arg>เข้าสู่ระบบ</arg>
<arg>timeout=10s</arg>
<doc>Waits until ``text`` appears on the current page.</doc>
<status status="PASS" start="2025-02-26T16:50:45.101033" elapsed="0.111038"/>
</kw>
<status status="PASS" start="2025-02-26T16:50:42.455188" elapsed="2.757103"/>
</kw>
<kw name="Input Username">
<kw name="Wait until element is ready then click element" owner="CommonKeywords">
<kw name="Wait Until Element Is Visible" owner="SeleniumLibrary">
<arg>${locator}</arg>
<arg>timeout=10s</arg>
<doc>Waits until the element ``locator`` is visible.</doc>
<status status="PASS" start="2025-02-26T16:50:45.214079" elapsed="0.201475"/>
</kw>
<kw name="Wait Until Element Is Enabled" owner="SeleniumLibrary">
<arg>${locator}</arg>
<arg>timeout=5s</arg>
<doc>Waits until the element ``locator`` is enabled.</doc>
<status status="PASS" start="2025-02-26T16:50:45.415745" elapsed="0.014664"/>
</kw>
<kw name="Click Element" owner="SeleniumLibrary">
<msg time="2025-02-26T16:50:45.430857" level="INFO">Clicking element 'xpath=//input[@name="email"]'.</msg>
<arg>${locator}</arg>
<doc>Click the element identified by ``locator``.</doc>
<status status="PASS" start="2025-02-26T16:50:45.430611" elapsed="0.137920"/>
</kw>
<arg>xpath=//input[@name="email"]</arg>
<status status="PASS" start="2025-02-26T16:50:45.213243" elapsed="0.355421"/>
</kw>
<kw name="Input Text" owner="SeleniumLibrary">
<msg time="2025-02-26T16:50:45.569544" level="INFO">Typing text 'padcenter@prachakij.com' into text field 'xpath=//input[@name="email"]'.</msg>
<arg>xpath=//input[@name="email"]</arg>
<arg>${username}</arg>
<doc>Types the given ``text`` into the text field identified by ``locator``.</doc>
<status status="PASS" start="2025-02-26T16:50:45.568862" elapsed="0.180211"/>
</kw>
<arg>${email}</arg>
<status status="PASS" start="2025-02-26T16:50:45.212798" elapsed="0.536423"/>
</kw>
<kw name="Input Password">
<kw name="Wait until element is ready then click element" owner="CommonKeywords">
<kw name="Wait Until Element Is Visible" owner="SeleniumLibrary">
<arg>${locator}</arg>
<arg>timeout=10s</arg>
<doc>Waits until the element ``locator`` is visible.</doc>
<status status="PASS" start="2025-02-26T16:50:45.750137" elapsed="0.021764"/>
</kw>
<kw name="Wait Until Element Is Enabled" owner="SeleniumLibrary">
<arg>${locator}</arg>
<arg>timeout=5s</arg>
<doc>Waits until the element ``locator`` is enabled.</doc>
<status status="PASS" start="2025-02-26T16:50:45.772178" elapsed="0.020138"/>
</kw>
<kw name="Click Element" owner="SeleniumLibrary">
<msg time="2025-02-26T16:50:45.792837" level="INFO">Clicking element 'xpath=//input[@name="password"]'.</msg>
<arg>${locator}</arg>
<doc>Click the element identified by ``locator``.</doc>
<status status="PASS" start="2025-02-26T16:50:45.792570" elapsed="0.064803"/>
</kw>
<arg>xpath=//input[@name="password"]</arg>
<status status="PASS" start="2025-02-26T16:50:45.749864" elapsed="0.107627"/>
</kw>
<kw name="Input Text" owner="SeleniumLibrary">
<msg time="2025-02-26T16:50:45.857886" level="INFO">Typing text '12345678' into text field 'xpath=//input[@name="password"]'.</msg>
<arg>xpath=//input[@name="password"]</arg>
<arg>${password}</arg>
<doc>Types the given ``text`` into the text field identified by ``locator``.</doc>
<status status="PASS" start="2025-02-26T16:50:45.857637" elapsed="0.054682"/>
</kw>
<arg>${valid_password}</arg>
<status status="PASS" start="2025-02-26T16:50:45.749473" elapsed="0.163181"/>
</kw>
<kw name="Click Login Button">
<kw name="Wait until element is ready then click element" owner="CommonKeywords">
<kw name="Wait Until Element Is Visible" owner="SeleniumLibrary">
<arg>${locator}</arg>
<arg>timeout=10s</arg>
<doc>Waits until the element ``locator`` is visible.</doc>
<status status="PASS" start="2025-02-26T16:50:45.914324" elapsed="0.021132"/>
</kw>
<kw name="Wait Until Element Is Enabled" owner="SeleniumLibrary">
<arg>${locator}</arg>
<arg>timeout=5s</arg>
<doc>Waits until the element ``locator`` is enabled.</doc>
<status status="PASS" start="2025-02-26T16:50:45.935739" elapsed="0.020935"/>
</kw>
<kw name="Click Element" owner="SeleniumLibrary">
<msg time="2025-02-26T16:50:45.957108" level="INFO">Clicking element 'xpath=//button[contains(text(), "เข้าสู่ระบบ")]'.</msg>
<arg>${locator}</arg>
<doc>Click the element identified by ``locator``.</doc>
<status status="PASS" start="2025-02-26T16:50:45.956869" elapsed="0.087495"/>
</kw>
<arg>xpath=//button[contains(text(), "เข้าสู่ระบบ")]</arg>
<status status="PASS" start="2025-02-26T16:50:45.913918" elapsed="0.130605"/>
</kw>
<status status="PASS" start="2025-02-26T16:50:45.913000" elapsed="0.131817"/>
</kw>
<kw name="Check If Login Failed">
<kw name="Run Keyword And Return Status" owner="BuiltIn">
<kw name="Wait Until Element Is Visible" owner="SeleniumLibrary">
<arg>xpath=//p[contains(@class, "text-redFS-300") and contains(text(), "กรอกรหัสผ่านไม่ถูกต้อง")]</arg>
<arg>timeout=5s</arg>
<doc>Waits until the element ``locator`` is visible.</doc>
<status status="PASS" start="2025-02-26T16:50:46.046764" elapsed="0.866990"/>
</kw>
<msg time="2025-02-26T16:50:46.913945" level="INFO">${login_failed} = True</msg>
<var>${login_failed}</var>
<arg>Wait Until Element Is Visible</arg>
<arg>xpath=//p[contains(@class, "text-redFS-300") and contains(text(), "กรอกรหัสผ่านไม่ถูกต้อง")]</arg>
<arg>timeout=5s</arg>
<doc>Runs the given keyword with given arguments and returns the status as a Boolean value.</doc>
<status status="PASS" start="2025-02-26T16:50:46.046008" elapsed="0.867978"/>
</kw>
<kw name="Run Keyword If" owner="BuiltIn">
<kw name="Return From Keyword" owner="BuiltIn">
<msg time="2025-02-26T16:50:46.914537" level="INFO">Returning from the enclosing user keyword.</msg>
<doc>Returns from the enclosing user keyword.</doc>
<status status="PASS" start="2025-02-26T16:50:46.914430" elapsed="0.000247"/>
</kw>
<arg>${login_failed}</arg>
<arg>Return From Keyword</arg>
<doc>Runs the given keyword with the given arguments, if ``condition`` is true.</doc>
<status status="PASS" start="2025-02-26T16:50:46.914165" elapsed="0.000623"/>
</kw>
<status status="PASS" start="2025-02-26T16:50:46.045303" elapsed="0.869691"/>
</kw>
<doc>ทดสอบการล็อกอินด้วยข้อมูลที่ถูกต้อง</doc>
<status status="PASS" start="2025-02-26T16:50:42.452401" elapsed="4.462835"/>
</test>
<kw name="Close Browser" owner="SeleniumLibrary" type="TEARDOWN">
<doc>Closes the current browser.</doc>
<status status="PASS" start="2025-02-26T16:50:46.915972" elapsed="0.284234"/>
</kw>
<status status="PASS" start="2025-02-26T16:50:40.236631" elapsed="6.963671"/>
</suite>
<statistics>
<total>
<stat pass="1" fail="0" skip="0">All Tests</stat>
</total>
<tag>
</tag>
<suite>
<stat name="LoginTestcase" id="s1" pass="1" fail="0" skip="0">LoginTestcase</stat>
</suite>
</statistics>
<errors>
</errors>
</robot>
